0 info it worked if it ends with ok
1 verbose cli [ '/Users/allensnow/.nvm/versions/node/v8.11.3/bin/node',
1 verbose cli   '/Users/allensnow/.nvm/versions/node/v8.11.3/bin/npm',
1 verbose cli   'start' ]
2 info using npm@3.10.10
3 info using node@v8.11.3
4 verbose run-script [ 'prestart', 'start', 'poststart' ]
5 info lifecycle app-service-hello-world@0.0.1~prestart: app-service-hello-world@0.0.1
6 silly lifecycle app-service-hello-world@0.0.1~prestart: no script for prestart, continuing
7 info lifecycle app-service-hello-world@0.0.1~start: app-service-hello-world@0.0.1
8 verbose lifecycle app-service-hello-world@0.0.1~start: unsafe-perm in lifecycle true
9 verbose lifecycle app-service-hello-world@0.0.1~start: PATH: /Users/allensnow/.nvm/versions/node/v8.11.3/lib/node_modules/npm/bin/node-gyp-bin:/Users/allensnow/source/3PApp/node_modules/.bin:/usr/local/bin:/usr/bin:/bin:/usr/sbin:/sbin:/usr/local/share/dotnet:~/.dotnet/tools:/Library/Frameworks/Mono.framework/Versions/Current/Commands:/Users/allensnow/.nvm/versions/node/v8.11.3/bin
10 verbose lifecycle app-service-hello-world@0.0.1~start: CWD: /Users/allensnow/source/3PApp
11 silly lifecycle app-service-hello-world@0.0.1~start: Args: [ '-c', 'node index.js' ]
12 silly lifecycle app-service-hello-world@0.0.1~start: Returned: code: 1  signal: null
13 info lifecycle app-service-hello-world@0.0.1~start: Failed to exec start script
14 verbose stack Error: app-service-hello-world@0.0.1 start: `node index.js`
14 verbose stack Exit status 1
14 verbose stack     at EventEmitter.<anonymous> (/Users/allensnow/.nvm/versions/node/v8.11.3/lib/node_modules/npm/lib/utils/lifecycle.js:255:16)
14 verbose stack     at emitTwo (events.js:126:13)
14 verbose stack     at EventEmitter.emit (events.js:214:7)
14 verbose stack     at ChildProcess.<anonymous> (/Users/allensnow/.nvm/versions/node/v8.11.3/lib/node_modules/npm/lib/utils/spawn.js:40:14)
14 verbose stack     at emitTwo (events.js:126:13)
14 verbose stack     at ChildProcess.emit (events.js:214:7)
14 verbose stack     at maybeClose (internal/child_process.js:925:16)
14 verbose stack     at Process.ChildProcess._handle.onexit (internal/child_process.js:209:5)
15 verbose pkgid app-service-hello-world@0.0.1
16 verbose cwd /Users/allensnow/source/3PApp
17 error Darwin 18.2.0
18 error argv "/Users/allensnow/.nvm/versions/node/v8.11.3/bin/node" "/Users/allensnow/.nvm/versions/node/v8.11.3/bin/npm" "start"
19 error node v8.11.3
20 error npm  v3.10.10
21 error code ELIFECYCLE
22 error app-service-hello-world@0.0.1 start: `node index.js`
22 error Exit status 1
23 error Failed at the app-service-hello-world@0.0.1 start script 'node index.js'.
23 error Make sure you have the latest version of node.js and npm installed.
23 error If you do, this is most likely a problem with the app-service-hello-world package,
23 error not with npm itself.
23 error Tell the author that this fails on your system:
23 error     node index.js
23 error You can get information on how to open an issue for this project with:
23 error     npm bugs app-service-hello-world
23 error Or if that isn't available, you can get their info via:
23 error     npm owner ls app-service-hello-world
23 error There is likely additional logging output above.
24 verbose exit [ 1, true ]
